2024-12-02T05:52:24.140Z - Memulai aplikasi: ./app.js
2024-12-02T05:52:24.146Z - Aplikasi berhasil dimulai
2024-12-02T05:52:24.172Z - Aplikasi berhenti dengan error. Kode: 1, Signal: null
2024-12-02T05:52:24.172Z - Mencoba restart aplikasi...
2024-12-02T05:52:29.176Z - Memulai aplikasi: ./app.js
2024-12-02T05:52:29.179Z - Aplikasi berhasil dimulai
2024-12-02T05:52:29.206Z - Aplikasi berhenti dengan error. Kode: 1, Signal: null
2024-12-02T05:52:29.206Z - Mencoba restart aplikasi...
2024-12-02T05:52:34.208Z - Memulai aplikasi: ./app.js
2024-12-02T05:52:34.211Z - Aplikasi berhasil dimulai
2024-12-02T05:52:34.237Z - Aplikasi berhenti dengan error. Kode: 1, Signal: null
2024-12-02T05:52:34.237Z - Mencoba restart aplikasi...
2024-12-02T05:53:05.503Z - Memulai aplikasi: ./index.js
2024-12-02T05:53:05.509Z - Aplikasi berhasil dimulai
2024-12-02T05:53:05.531Z - Memulai aplikasi: ./index.js
2024-12-02T05:53:05.537Z - Aplikasi berhasil dimulai
2024-12-02T05:53:05.560Z - Memulai aplikasi: ./index.js
2024-12-02T05:53:05.566Z - Aplikasi berhasil dimulai
2024-12-02T05:53:05.589Z - Memulai aplikasi: ./index.js
2024-12-02T05:53:05.596Z - Aplikasi berhasil dimulai
2024-12-02T05:53:05.618Z - Memulai aplikasi: ./index.js
2024-12-02T05:53:05.625Z - Aplikasi berhasil dimulai
2024-12-02T05:53:05.647Z - Memulai aplikasi: ./index.js
2024-12-02T05:53:05.654Z - Aplikasi berhasil dimulai
2024-12-02T05:53:05.676Z - Memulai aplikasi: ./index.js
2024-12-02T05:53:05.682Z - Aplikasi berhasil dimulai
2024-12-02T05:53:05.704Z - Memulai aplikasi: ./index.js
2024-12-02T05:53:05.710Z - Aplikasi berhasil dimulai
2024-12-02T05:53:05.732Z - Memulai aplikasi: ./index.js
2024-12-02T05:53:05.738Z - Aplikasi berhasil dimulai
2024-12-02T05:53:05.759Z - Memulai aplikasi: ./index.js
2024-12-02T05:53:05.765Z - Aplikasi berhasil dimulai
2024-12-02T05:53:05.786Z - Memulai aplikasi: ./index.js
2024-12-02T05:53:05.792Z - Aplikasi berhasil dimulai
2024-12-02T05:53:05.817Z - Memulai aplikasi: ./index.js
2024-12-02T05:53:05.823Z - Aplikasi berhasil dimulai
2024-12-02T05:53:05.846Z - Memulai aplikasi: ./index.js
2024-12-02T05:53:05.852Z - Aplikasi berhasil dimulai
2024-12-02T05:53:05.874Z - Memulai aplikasi: ./index.js
2024-12-02T05:53:05.880Z - Aplikasi berhasil dimulai
2024-12-02T05:53:05.903Z - Memulai aplikasi: ./index.js
2024-12-02T05:53:05.909Z - Aplikasi berhasil dimulai
2024-12-02T05:53:05.930Z - Memulai aplikasi: ./index.js
2024-12-02T05:53:05.936Z - Aplikasi berhasil dimulai
2024-12-02T05:53:05.958Z - Memulai aplikasi: ./index.js
2024-12-02T05:53:05.964Z - Aplikasi berhasil dimulai
2024-12-02T05:53:05.985Z - Memulai aplikasi: ./index.js
2024-12-02T05:53:05.991Z - Aplikasi berhasil dimulai
2024-12-02T05:53:06.012Z - Memulai aplikasi: ./index.js
2024-12-02T05:53:06.018Z - Aplikasi berhasil dimulai
2024-12-02T05:53:06.039Z - Memulai aplikasi: ./index.js
2024-12-02T05:53:06.046Z - Aplikasi berhasil dimulai
2024-12-02T05:53:06.067Z - Memulai aplikasi: ./index.js
2024-12-02T05:53:06.073Z - Aplikasi berhasil dimulai
2024-12-02T05:53:06.094Z - Memulai aplikasi: ./index.js
2024-12-02T05:53:06.100Z - Aplikasi berhasil dimulai
2024-12-02T05:53:06.122Z - Memulai aplikasi: ./index.js
2024-12-02T05:53:06.128Z - Aplikasi berhasil dimulai
2024-12-02T05:53:06.149Z - Memulai aplikasi: ./index.js
2024-12-02T05:53:06.155Z - Aplikasi berhasil dimulai
2024-12-02T05:53:06.177Z - Memulai aplikasi: ./index.js
2024-12-02T05:53:06.183Z - Aplikasi berhasil dimulai
2024-12-02T05:53:06.204Z - Memulai aplikasi: ./index.js
2024-12-02T05:53:06.210Z - Aplikasi berhasil dimulai
2024-12-02T05:53:06.232Z - Memulai aplikasi: ./index.js
2024-12-02T05:53:06.238Z - Aplikasi berhasil dimulai
2024-12-02T05:53:06.259Z - Memulai aplikasi: ./index.js
2024-12-02T05:53:06.265Z - Aplikasi berhasil dimulai
2024-12-02T05:53:06.287Z - Memulai aplikasi: ./index.js
2024-12-02T05:53:06.293Z - Aplikasi berhasil dimulai
2024-12-02T05:53:06.314Z - Memulai aplikasi: ./index.js
2024-12-02T05:53:06.321Z - Aplikasi berhasil dimulai
2024-12-02T05:53:06.342Z - Memulai aplikasi: ./index.js
2024-12-02T05:53:06.349Z - Aplikasi berhasil dimulai
2024-12-02T05:53:06.371Z - Memulai aplikasi: ./index.js
2024-12-02T05:53:06.377Z - Aplikasi berhasil dimulai
2024-12-02T05:53:06.400Z - Memulai aplikasi: ./index.js
2024-12-02T05:53:06.406Z - Aplikasi berhasil dimulai
2024-12-02T05:53:06.428Z - Memulai aplikasi: ./index.js
2024-12-02T05:53:06.434Z - Aplikasi berhasil dimulai
2024-12-02T05:53:06.456Z - Memulai aplikasi: ./index.js
2024-12-02T05:53:06.463Z - Aplikasi berhasil dimulai
2024-12-02T05:53:06.487Z - Memulai aplikasi: ./index.js
2024-12-02T05:53:06.493Z - Aplikasi berhasil dimulai
2024-12-02T05:53:06.516Z - Memulai aplikasi: ./index.js
2024-12-02T05:53:06.522Z - Aplikasi berhasil dimulai
2024-12-02T05:53:06.544Z - Memulai aplikasi: ./index.js
2024-12-02T05:53:06.550Z - Aplikasi berhasil dimulai
2024-12-02T05:53:06.572Z - Memulai aplikasi: ./index.js
2024-12-02T05:53:06.578Z - Aplikasi berhasil dimulai
2024-12-02T05:53:06.600Z - Memulai aplikasi: ./index.js
2024-12-02T05:53:06.606Z - Aplikasi berhasil dimulai
2024-12-02T05:53:06.627Z - Memulai aplikasi: ./index.js
2024-12-02T05:53:06.634Z - Aplikasi berhasil dimulai
2024-12-02T05:53:06.655Z - Memulai aplikasi: ./index.js
2024-12-02T05:53:06.661Z - Aplikasi berhasil dimulai
2024-12-02T05:53:06.684Z - Memulai aplikasi: ./index.js
2024-12-02T05:53:06.690Z - Aplikasi berhasil dimulai
2024-12-02T05:53:06.712Z - Memulai aplikasi: ./index.js
2024-12-02T05:53:06.718Z - Aplikasi berhasil dimulai
2024-12-02T05:53:06.739Z - Memulai aplikasi: ./index.js
2024-12-02T05:53:06.745Z - Aplikasi berhasil dimulai
2024-12-02T05:53:06.766Z - Memulai aplikasi: ./index.js
2024-12-02T05:53:06.773Z - Aplikasi berhasil dimulai
2024-12-02T05:53:06.794Z - Memulai aplikasi: ./index.js
2024-12-02T05:53:06.800Z - Aplikasi berhasil dimulai
2024-12-02T05:53:06.822Z - Memulai aplikasi: ./index.js
2024-12-02T05:53:06.828Z - Aplikasi berhasil dimulai
2024-12-02T05:53:06.851Z - Memulai aplikasi: ./index.js
2024-12-02T05:53:06.857Z - Aplikasi berhasil dimulai
2024-12-02T05:53:06.879Z - Memulai aplikasi: ./index.js
2024-12-02T05:53:06.885Z - Aplikasi berhasil dimulai
2024-12-02T05:53:06.907Z - Memulai aplikasi: ./index.js
2024-12-02T05:53:06.914Z - Aplikasi berhasil dimulai
2024-12-02T05:53:06.935Z - Memulai aplikasi: ./index.js
2024-12-02T05:53:06.941Z - Aplikasi berhasil dimulai
2024-12-02T05:53:06.963Z - Memulai aplikasi: ./index.js
2024-12-02T05:53:06.969Z - Aplikasi berhasil dimulai
2024-12-02T05:53:06.990Z - Memulai aplikasi: ./index.js
2024-12-02T05:53:06.996Z - Aplikasi berhasil dimulai
2024-12-02T05:53:07.018Z - Memulai aplikasi: ./index.js
2024-12-02T05:53:07.024Z - Aplikasi berhasil dimulai
2024-12-02T05:53:07.046Z - Memulai aplikasi: ./index.js
2024-12-02T05:53:07.052Z - Aplikasi berhasil dimulai
2024-12-02T05:53:07.075Z - Memulai aplikasi: ./index.js
2024-12-02T05:53:07.081Z - Aplikasi berhasil dimulai
2024-12-02T05:53:07.103Z - Memulai aplikasi: ./index.js
2024-12-02T05:53:07.110Z - Aplikasi berhasil dimulai
2024-12-02T05:53:07.131Z - Memulai aplikasi: ./index.js
2024-12-02T05:53:07.137Z - Aplikasi berhasil dimulai
2024-12-02T05:53:07.159Z - Memulai aplikasi: ./index.js
2024-12-02T05:53:07.165Z - Aplikasi berhasil dimulai
2024-12-02T05:53:07.187Z - Memulai aplikasi: ./index.js
2024-12-02T05:53:07.193Z - Aplikasi berhasil dimulai
2024-12-02T05:53:07.214Z - Memulai aplikasi: ./index.js
2024-12-02T05:53:07.220Z - Aplikasi berhasil dimulai
2024-12-02T05:53:07.242Z - Memulai aplikasi: ./index.js
2024-12-02T05:53:07.248Z - Aplikasi berhasil dimulai
2024-12-02T05:53:07.269Z - Memulai aplikasi: ./index.js
2024-12-02T05:53:07.275Z - Aplikasi berhasil dimulai
2024-12-02T05:53:07.297Z - Memulai aplikasi: ./index.js
2024-12-02T05:53:07.303Z - Aplikasi berhasil dimulai
2024-12-02T05:53:07.325Z - Memulai aplikasi: ./index.js
2024-12-02T05:53:07.331Z - Aplikasi berhasil dimulai
2024-12-02T05:53:07.352Z - Memulai aplikasi: ./index.js
2024-12-02T05:53:07.358Z - Aplikasi berhasil dimulai
2024-12-02T05:53:07.381Z - Memulai aplikasi: ./index.js
2024-12-02T05:53:07.387Z - Aplikasi berhasil dimulai
2024-12-02T05:53:07.409Z - Memulai aplikasi: ./index.js
2024-12-02T05:53:07.416Z - Aplikasi berhasil dimulai
2024-12-02T05:53:07.438Z - Memulai aplikasi: ./index.js
2024-12-02T05:53:07.445Z - Aplikasi berhasil dimulai
2024-12-02T05:53:07.467Z - Memulai aplikasi: ./index.js
2024-12-02T05:53:07.474Z - Aplikasi berhasil dimulai
2024-12-02T05:53:07.496Z - Memulai aplikasi: ./index.js
2024-12-02T05:53:07.502Z - Aplikasi berhasil dimulai
2024-12-02T05:53:07.524Z - Memulai aplikasi: ./index.js
2024-12-02T05:53:07.530Z - Aplikasi berhasil dimulai
2024-12-02T05:53:07.553Z - Memulai aplikasi: ./index.js
2024-12-02T05:53:07.559Z - Aplikasi berhasil dimulai
2024-12-02T05:53:07.582Z - Memulai aplikasi: ./index.js
2024-12-02T05:53:07.588Z - Aplikasi berhasil dimulai
2024-12-02T05:53:07.610Z - Memulai aplikasi: ./index.js
2024-12-02T05:53:07.617Z - Aplikasi berhasil dimulai
2024-12-02T05:53:07.639Z - Memulai aplikasi: ./index.js
2024-12-02T05:53:07.645Z - Aplikasi berhasil dimulai
2024-12-02T05:53:07.668Z - Memulai aplikasi: ./index.js
2024-12-02T05:53:07.675Z - Aplikasi berhasil dimulai
2024-12-02T05:53:07.697Z - Memulai aplikasi: ./index.js
2024-12-02T05:53:07.703Z - Aplikasi berhasil dimulai
2024-12-02T05:53:07.725Z - Memulai aplikasi: ./index.js
2024-12-02T05:53:07.731Z - Aplikasi berhasil dimulai
2024-12-02T05:53:07.753Z - Memulai aplikasi: ./index.js
2024-12-02T05:53:07.759Z - Aplikasi berhasil dimulai
2024-12-02T05:53:07.781Z - Memulai aplikasi: ./index.js
2024-12-02T05:53:07.788Z - Aplikasi berhasil dimulai
2024-12-02T05:53:07.810Z - Memulai aplikasi: ./index.js
2024-12-02T05:53:07.816Z - Aplikasi berhasil dimulai
2024-12-02T05:53:07.837Z - Memulai aplikasi: ./index.js
2024-12-02T05:53:07.843Z - Aplikasi berhasil dimulai
2024-12-02T05:53:07.865Z - Memulai aplikasi: ./index.js
2024-12-02T05:53:07.871Z - Aplikasi berhasil dimulai
2024-12-02T05:53:07.893Z - Memulai aplikasi: ./index.js
2024-12-02T05:53:07.898Z - Aplikasi berhasil dimulai
2024-12-02T05:53:07.920Z - Memulai aplikasi: ./index.js
2024-12-02T05:53:07.926Z - Aplikasi berhasil dimulai
2024-12-02T05:53:07.947Z - Memulai aplikasi: ./index.js
2024-12-02T05:53:07.954Z - Aplikasi berhasil dimulai
2024-12-02T05:53:07.975Z - Memulai aplikasi: ./index.js
2024-12-02T05:53:07.981Z - Aplikasi berhasil dimulai
2024-12-02T05:53:08.002Z - Memulai aplikasi: ./index.js
2024-12-02T05:53:08.008Z - Aplikasi berhasil dimulai
2024-12-02T05:53:08.030Z - Memulai aplikasi: ./index.js
2024-12-02T05:53:08.036Z - Aplikasi berhasil dimulai
2024-12-02T05:53:08.058Z - Memulai aplikasi: ./index.js
2024-12-02T05:53:08.064Z - Aplikasi berhasil dimulai
2024-12-02T05:53:08.086Z - Memulai aplikasi: ./index.js
2024-12-02T05:53:08.093Z - Aplikasi berhasil dimulai
2024-12-02T05:53:08.115Z - Memulai aplikasi: ./index.js
2024-12-02T05:53:08.122Z - Aplikasi berhasil dimulai
2024-12-02T05:53:08.145Z - Memulai aplikasi: ./index.js
2024-12-02T05:53:08.151Z - Aplikasi berhasil dimulai
2024-12-02T05:53:08.173Z - Memulai aplikasi: ./index.js
2024-12-02T05:53:08.180Z - Aplikasi berhasil dimulai
2024-12-02T05:53:08.203Z - Memulai aplikasi: ./index.js
2024-12-02T05:53:08.209Z - Aplikasi berhasil dimulai
2024-12-02T05:53:08.231Z - Memulai aplikasi: ./index.js
2024-12-02T05:53:08.237Z - Aplikasi berhasil dimulai
2024-12-02T05:53:08.260Z - Memulai aplikasi: ./index.js
2024-12-02T05:53:08.266Z - Aplikasi berhasil dimulai
2024-12-02T05:53:08.289Z - Memulai aplikasi: ./index.js
2024-12-02T05:53:08.295Z - Aplikasi berhasil dimulai
2024-12-02T05:53:08.318Z - Memulai aplikasi: ./index.js
2024-12-02T05:53:08.324Z - Aplikasi berhasil dimulai
2024-12-02T05:53:08.347Z - Memulai aplikasi: ./index.js
2024-12-02T05:53:08.354Z - Aplikasi berhasil dimulai
2024-12-02T05:53:08.376Z - Memulai aplikasi: ./index.js
2024-12-02T05:53:08.383Z - Aplikasi berhasil dimulai
2024-12-02T05:53:08.406Z - Memulai aplikasi: ./index.js
2024-12-02T05:53:08.412Z - Aplikasi berhasil dimulai
2024-12-02T05:53:08.434Z - Memulai aplikasi: ./index.js
2024-12-02T05:53:08.440Z - Aplikasi berhasil dimulai
2024-12-02T05:53:08.462Z - Memulai aplikasi: ./index.js
2024-12-02T05:53:08.469Z - Aplikasi berhasil dimulai
2024-12-02T05:53:08.490Z - Memulai aplikasi: ./index.js
2024-12-02T05:53:08.496Z - Aplikasi berhasil dimulai
2024-12-02T05:53:08.518Z - Memulai aplikasi: ./index.js
2024-12-02T05:53:08.525Z - Aplikasi berhasil dimulai
2024-12-02T05:53:08.547Z - Memulai aplikasi: ./index.js
2024-12-02T05:53:08.553Z - Aplikasi berhasil dimulai
2024-12-02T05:53:08.575Z - Memulai aplikasi: ./index.js
2024-12-02T05:53:08.581Z - Aplikasi berhasil dimulai
2024-12-02T05:53:08.603Z - Memulai aplikasi: ./index.js
2024-12-02T05:53:08.609Z - Aplikasi berhasil dimulai
2024-12-02T05:53:08.630Z - Memulai aplikasi: ./index.js
2024-12-02T05:53:08.636Z - Aplikasi berhasil dimulai
2024-12-02T05:53:08.658Z - Memulai aplikasi: ./index.js
2024-12-02T05:53:08.665Z - Aplikasi berhasil dimulai
2024-12-02T05:53:08.687Z - Memulai aplikasi: ./index.js
2024-12-02T05:53:08.693Z - Aplikasi berhasil dimulai
2024-12-02T05:53:08.715Z - Memulai aplikasi: ./index.js
2024-12-02T05:53:08.721Z - Aplikasi berhasil dimulai
2024-12-02T05:53:08.743Z - Memulai aplikasi: ./index.js
2024-12-02T05:53:08.749Z - Aplikasi berhasil dimulai
2024-12-02T05:53:08.771Z - Memulai aplikasi: ./index.js
2024-12-02T05:53:08.777Z - Aplikasi berhasil dimulai
2024-12-02T05:53:08.799Z - Memulai aplikasi: ./index.js
2024-12-02T05:53:08.806Z - Aplikasi berhasil dimulai
2024-12-02T05:53:08.828Z - Memulai aplikasi: ./index.js
2024-12-02T05:53:08.834Z - Aplikasi berhasil dimulai
2024-12-02T05:53:08.856Z - Memulai aplikasi: ./index.js
2024-12-02T05:53:08.862Z - Aplikasi berhasil dimulai
2024-12-02T05:53:08.884Z - Memulai aplikasi: ./index.js
2024-12-02T05:53:08.891Z - Aplikasi berhasil dimulai
2024-12-02T05:53:08.912Z - Memulai aplikasi: ./index.js
2024-12-02T05:53:08.919Z - Aplikasi berhasil dimulai
2024-12-02T05:53:08.940Z - Memulai aplikasi: ./index.js
2024-12-02T05:53:08.947Z - Aplikasi berhasil dimulai
2024-12-02T05:53:08.968Z - Memulai aplikasi: ./index.js
2024-12-02T05:53:08.974Z - Aplikasi berhasil dimulai
2024-12-02T05:53:08.996Z - Memulai aplikasi: ./index.js
2024-12-02T05:53:09.002Z - Aplikasi berhasil dimulai
2024-12-02T05:53:09.024Z - Memulai aplikasi: ./index.js
2024-12-02T05:53:09.030Z - Aplikasi berhasil dimulai
2024-12-02T05:53:09.052Z - Memulai aplikasi: ./index.js
2024-12-02T05:53:09.058Z - Aplikasi berhasil dimulai
2024-12-02T05:53:09.081Z - Memulai aplikasi: ./index.js
2024-12-02T05:53:09.087Z - Aplikasi berhasil dimulai
2024-12-02T05:53:09.109Z - Memulai aplikasi: ./index.js
2024-12-02T05:53:09.115Z - Aplikasi berhasil dimulai
2024-12-02T05:53:09.137Z - Memulai aplikasi: ./index.js
2024-12-02T05:53:09.143Z - Aplikasi berhasil dimulai
2024-12-02T05:53:09.166Z - Memulai aplikasi: ./index.js
2024-12-02T05:53:09.173Z - Aplikasi berhasil dimulai
2024-12-02T05:53:09.194Z - Memulai aplikasi: ./index.js
2024-12-02T05:53:09.201Z - Aplikasi berhasil dimulai
2024-12-02T05:53:09.223Z - Memulai aplikasi: ./index.js
2024-12-02T05:53:09.229Z - Aplikasi berhasil dimulai
2024-12-02T05:53:09.251Z - Memulai aplikasi: ./index.js
2024-12-02T05:53:09.257Z - Aplikasi berhasil dimulai
2024-12-02T05:53:09.280Z - Memulai aplikasi: ./index.js
2024-12-02T05:53:09.286Z - Aplikasi berhasil dimulai
2024-12-02T05:53:09.308Z - Memulai aplikasi: ./index.js
2024-12-02T05:53:09.314Z - Aplikasi berhasil dimulai
2024-12-02T05:53:09.336Z - Memulai aplikasi: ./index.js
2024-12-02T05:53:09.342Z - Aplikasi berhasil dimulai
2024-12-02T05:53:09.363Z - Memulai aplikasi: ./index.js
2024-12-02T05:53:09.370Z - Aplikasi berhasil dimulai
2024-12-02T05:53:09.391Z - Memulai aplikasi: ./index.js
2024-12-02T05:53:09.398Z - Aplikasi berhasil dimulai
2024-12-02T05:53:09.419Z - Memulai aplikasi: ./index.js
2024-12-02T05:53:09.425Z - Aplikasi berhasil dimulai
2024-12-02T05:53:09.446Z - Memulai aplikasi: ./index.js
2024-12-02T05:53:09.452Z - Aplikasi berhasil dimulai
2024-12-02T05:53:09.473Z - Memulai aplikasi: ./index.js
2024-12-02T05:53:09.480Z - Aplikasi berhasil dimulai
2024-12-02T05:53:09.501Z - Memulai aplikasi: ./index.js
2024-12-02T05:53:09.507Z - Aplikasi berhasil dimulai
2024-12-02T05:53:09.528Z - Memulai aplikasi: ./index.js
2024-12-02T05:53:09.534Z - Aplikasi berhasil dimulai
2024-12-02T05:53:09.556Z - Memulai aplikasi: ./index.js
2024-12-02T05:53:09.562Z - Aplikasi berhasil dimulai
2024-12-02T05:53:09.584Z - Memulai aplikasi: ./index.js
2024-12-02T05:53:09.590Z - Aplikasi berhasil dimulai
2024-12-02T05:53:09.611Z - Memulai aplikasi: ./index.js
2024-12-02T05:53:09.617Z - Aplikasi berhasil dimulai
2024-12-02T05:53:09.639Z - Memulai aplikasi: ./index.js
2024-12-02T05:53:09.645Z - Aplikasi berhasil dimulai
2024-12-02T05:53:09.668Z - Memulai aplikasi: ./index.js
2024-12-02T05:53:09.674Z - Aplikasi berhasil dimulai
2024-12-02T05:53:09.696Z - Memulai aplikasi: ./index.js
2024-12-02T05:53:09.702Z - Aplikasi berhasil dimulai
2024-12-02T05:53:09.724Z - Memulai aplikasi: ./index.js
2024-12-02T05:53:09.730Z - Aplikasi berhasil dimulai
2024-12-02T05:53:09.751Z - Memulai aplikasi: ./index.js
2024-12-02T05:53:09.758Z - Aplikasi berhasil dimulai
2024-12-02T05:53:09.779Z - Memulai aplikasi: ./index.js
2024-12-02T05:53:09.785Z - Aplikasi berhasil dimulai
2024-12-02T05:53:09.805Z - Memulai aplikasi: ./index.js
2024-12-02T05:53:09.811Z - Aplikasi berhasil dimulai
2024-12-02T05:53:09.834Z - Memulai aplikasi: ./index.js
2024-12-02T05:53:09.840Z - Aplikasi berhasil dimulai
2024-12-02T05:53:09.863Z - Memulai aplikasi: ./index.js
2024-12-02T05:53:09.869Z - Aplikasi berhasil dimulai
2024-12-02T05:53:09.891Z - Memulai aplikasi: ./index.js
2024-12-02T05:53:09.897Z - Aplikasi berhasil dimulai
2024-12-02T05:53:09.923Z - Memulai aplikasi: ./index.js
2024-12-02T05:53:09.929Z - Aplikasi berhasil dimulai
2024-12-02T05:53:09.952Z - Memulai aplikasi: ./index.js
2024-12-02T05:53:09.958Z - Aplikasi berhasil dimulai
2024-12-02T05:53:09.979Z - Memulai aplikasi: ./index.js
2024-12-02T05:53:09.986Z - Aplikasi berhasil dimulai
2024-12-02T05:53:10.007Z - Memulai aplikasi: ./index.js
2024-12-02T05:53:10.013Z - Aplikasi berhasil dimulai
2024-12-02T05:53:10.035Z - Memulai aplikasi: ./index.js
2024-12-02T05:53:10.041Z - Aplikasi berhasil dimulai
2024-12-02T05:53:10.063Z - Memulai aplikasi: ./index.js
2024-12-02T05:53:10.069Z - Aplikasi berhasil dimulai
2024-12-02T05:53:10.092Z - Memulai aplikasi: ./index.js
2024-12-02T05:53:10.099Z - Aplikasi berhasil dimulai
2024-12-02T05:53:10.120Z - Memulai aplikasi: ./index.js
2024-12-02T05:53:10.127Z - Aplikasi berhasil dimulai
2024-12-02T05:53:10.148Z - Memulai aplikasi: ./index.js
2024-12-02T05:53:10.154Z - Aplikasi berhasil dimulai
2024-12-02T05:53:10.176Z - Memulai aplikasi: ./index.js
2024-12-02T05:53:10.182Z - Aplikasi berhasil dimulai
2024-12-02T05:53:10.203Z - Memulai aplikasi: ./index.js
2024-12-02T05:53:10.209Z - Aplikasi berhasil dimulai
2024-12-02T05:53:10.230Z - Memulai aplikasi: ./index.js
2024-12-02T05:53:10.236Z - Aplikasi berhasil dimulai
2024-12-02T05:53:10.258Z - Memulai aplikasi: ./index.js
2024-12-02T05:53:10.264Z - Aplikasi berhasil dimulai
2024-12-02T05:53:10.285Z - Memulai aplikasi: ./index.js
2024-12-02T05:53:10.291Z - Aplikasi berhasil dimulai
2024-12-02T05:53:10.312Z - Memulai aplikasi: ./index.js
2024-12-02T05:53:10.318Z - Aplikasi berhasil dimulai
2024-12-02T05:53:10.340Z - Memulai aplikasi: ./index.js
2024-12-02T05:53:10.347Z - Aplikasi berhasil dimulai
2024-12-02T05:53:10.368Z - Memulai aplikasi: ./index.js
2024-12-02T05:53:10.374Z - Aplikasi berhasil dimulai
2024-12-02T05:53:10.395Z - Memulai aplikasi: ./index.js
2024-12-02T05:53:10.402Z - Aplikasi berhasil dimulai
2024-12-02T05:53:10.423Z - Memulai aplikasi: ./index.js
2024-12-02T05:53:10.429Z - Aplikasi berhasil dimulai
2024-12-02T05:53:10.450Z - Memulai aplikasi: ./index.js
2024-12-02T05:53:10.457Z - Aplikasi berhasil dimulai
2024-12-02T05:53:10.478Z - Memulai aplikasi: ./index.js
2024-12-02T05:53:10.484Z - Aplikasi berhasil dimulai
2024-12-02T05:53:10.506Z - Memulai aplikasi: ./index.js
2024-12-02T05:53:10.512Z - Aplikasi berhasil dimulai
2024-12-02T05:53:10.533Z - Memulai aplikasi: ./index.js
2024-12-02T05:53:10.539Z - Aplikasi berhasil dimulai
2024-12-02T05:53:10.560Z - Memulai aplikasi: ./index.js
2024-12-02T05:53:10.566Z - Aplikasi berhasil dimulai
2024-12-02T05:53:10.587Z - Memulai aplikasi: ./index.js
2024-12-02T05:53:10.593Z - Aplikasi berhasil dimulai
2024-12-02T05:53:10.614Z - Memulai aplikasi: ./index.js
2024-12-02T05:53:10.620Z - Aplikasi berhasil dimulai
2024-12-02T05:53:10.641Z - Memulai aplikasi: ./index.js
2024-12-02T05:53:10.647Z - Aplikasi berhasil dimulai
2024-12-02T05:53:10.668Z - Memulai aplikasi: ./index.js
2024-12-02T05:53:10.675Z - Aplikasi berhasil dimulai
2024-12-02T05:53:10.697Z - Memulai aplikasi: ./index.js
2024-12-02T05:53:10.703Z - Aplikasi berhasil dimulai
2024-12-02T06:00:25.621Z - Memulai aplikasi (Restart ke-1)
2024-12-02T06:00:25.628Z - Aplikasi berhasil dimulai
2024-12-02T06:01:26.253Z - Memulai aplikasi (Restart ke-1)
2024-12-02T06:01:26.259Z - Aplikasi berhasil dimulai
2024-12-02T06:01:57.070Z - Memulai aplikasi (Restart ke-1)
2024-12-02T06:01:57.076Z - Aplikasi berhasil dimulai
2024-12-02T06:02:28.314Z - Memulai aplikasi (Restart ke-1)
2024-12-02T06:02:28.320Z - Aplikasi berhasil dimulai
2024-12-02T06:02:36.769Z - Aplikasi berhenti. Kode: 1, Signal: null
2024-12-02T06:02:41.772Z - Memulai aplikasi (Restart ke-1)
2024-12-02T06:02:41.774Z - Aplikasi berhasil dimulai
2024-12-02T06:02:48.889Z - Aplikasi berhenti. Kode: 1, Signal: null
2024-12-02T06:02:53.892Z - Memulai aplikasi (Restart ke-1)
2024-12-02T06:02:53.894Z - Aplikasi berhasil dimulai
